<?xml version="1.0" encoding="UTF-8"?>
<!-- Generated by org.testng.reporters.JUnitReportReporter -->
<testsuite hostname="LAPTOP-DMCQS6QO" failures="0" tests="3" name="daily.SelFD.OrderProducts" time="74.791" errors="0" timestamp="2024-06-07T23:33:49 IST" skipped="0">
  <testcase classname="daily.SelFD.OrderProducts" name="OrderItems" time="31.856"/>
  <system-out/>
  <testcase classname="daily.SelFD.OrderProducts" name="productValidations" time="10.867"/>
  <system-out/>
  <testcase classname="daily.SelFD.OrderProducts" name="OrderItems" time="32.068"/>
  <system-out/>
</testsuite> <!-- daily.SelFD.OrderProducts -->
