<?xml version="1.0" encoding="UTF-8"?>
<!-- Generated by org.testng.reporters.JUnitReportReporter -->
<testsuite hostname="LAPTOP-DMCQS6QO" failures="0" tests="2" name="daily.Test.OrderProducts" time="53.882" errors="0" timestamp="2024-06-16T17:45:41 IST" skipped="0">
  <testcase classname="daily.Test.OrderProducts" name="OrderItems" time="26.595"/>
  <testcase classname="daily.Test.OrderProducts" name="OrderItems" time="27.287"/>
</testsuite> <!-- daily.Test.OrderProducts -->
